<?xml version="1.0" encoding="UTF-8"?>
<!-- Generated by org.testng.reporters.JUnitXMLReporter -->
<testsuite ignored="0" hostname="REMIDW-TEOUQMID" failures="0" tests="3" name="Test1" time="0.127" errors="0" timestamp="2023-04-24T21:01:33 IST">
  <testcase classname="testngdiscussion.Annotations" name="testCase1" time="0.009"/>
  <testcase classname="testngdiscussion.Annotations" name="testCase2" time="0.005"/>
  <testcase classname="testngdiscussion.Annotations2" name="testCase3" time="0.004"/>
</testsuite> <!-- Test1 -->
